[2026-06-11T13:36:03.660Z] GET https://vik-lgtm.github.io/velivance-x/ → pending (?ms, ?B)
[2026-06-11T13:36:04.004Z] GET https://fonts.googleapis.com/css2?family=Sora:wght@600;700;800&family=Inter:wght@400;500;600&family=JetBrains+Mono:wght@500&family=Instrument+Serif:ital@0;1&display=swap → 200 (233ms, 1546B)
[2026-06-11T13:36:04.005Z] GET https://vik-lgtm.github.io/velivance-x/assets/css/style.css → 200 (306ms, 6495B)
[2026-06-11T13:36:04.006Z] GET https://vik-lgtm.github.io/velivance-x/assets/img/hero.webp → 200 (255ms, 120583B)
[2026-06-11T13:36:04.007Z] GET https://vik-lgtm.github.io/velivance-x/assets/img/agentic-ai.webp → 200 (274ms, 130524B)
[2026-06-11T13:36:04.007Z] GET https://vik-lgtm.github.io/velivance-x/assets/img/insight-data.webp → 200 (576ms, ?B)
[2026-06-11T13:36:04.008Z] GET https://vik-lgtm.github.io/velivance-x/assets/img/core-services.webp → 200 (574ms, ?B)
[2026-06-11T13:36:04.008Z] GET https://vik-lgtm.github.io/velivance-x/assets/img/team-collab.webp → 200 (575ms, ?B)
[2026-06-11T13:36:04.010Z] GET https://vik-lgtm.github.io/velivance-x/assets/img/insight-google.webp → pending (?ms, ?B)
[2026-06-11T13:36:04.010Z] GET https://vik-lgtm.github.io/velivance-x/assets/img/platform.webp → 200 (302ms, ?B)
[2026-06-11T13:36:04.010Z] GET https://vik-lgtm.github.io/velivance-x/assets/img/about.webp → 200 (868ms, ?B)
[2026-06-11T13:36:04.010Z] GET https://vik-lgtm.github.io/velivance-x/assets/img/people-work.webp → 200 (272ms, 43939B)
[2026-06-11T13:36:04.010Z] GET https://vik-lgtm.github.io/velivance-x/assets/img/consultant.webp → 200 (868ms, ?B)
[2026-06-11T13:36:04.010Z] GET https://unpkg.com/three@0.147.0/build/three.min.js → 200 (118ms, 152559B)
[2026-06-11T13:36:04.010Z] GET https://cdnjs.cloudflare.com/ajax/libs/gsap/3.13.0/gsap.min.js → 200 (71ms, 26279B)
[2026-06-11T13:36:04.012Z] GET https://cdnjs.cloudflare.com/ajax/libs/gsap/3.13.0/ScrollTrigger.min.js → 200 (68ms, 16382B)
[2026-06-11T13:36:04.012Z] GET https://unpkg.com/lenis@1.1.14/dist/lenis.min.js → 200 (66ms, 4158B)
[2026-06-11T13:36:04.012Z] GET https://vik-lgtm.github.io/velivance-x/assets/js/app.js → 200 (300ms, 5525B)
[2026-06-11T13:36:04.560Z] GET https://fonts.gstatic.com/s/inter/v20/UcC73FwrK3iLTeHuS_nVMrMxCp50SjIa1ZL7W0Q5nw.woff2 → pending (?ms, ?B)
[2026-06-11T13:36:04.562Z] GET https://fonts.gstatic.com/s/sora/v17/xMQ9uFFYT72X5wkB_18qmnndmSdSnh2BAfO5mnuyOo1lfiQwV6-xo6eeIw.woff2 → pending (?ms, ?B)
[2026-06-11T13:36:04.562Z] GET https://fonts.gstatic.com/s/jetbrainsmono/v24/tDbY2o-flEEny0FZhsfKu5WU4zr3E_BX0PnT8RD8-qxTOlOVk6OThhvA.woff2 → pending (?ms, ?B)
[2026-06-11T13:36:04.562Z] GET https://fonts.gstatic.com/s/instrumentserif/v5/jizHRFtNs2ka5fXjeivQ4LroWlx-6zAjjH7Motmp5g.woff2 → pending (?ms, ?B)
[2026-06-11T13:36:11.399Z] GET https://vik-lgtm.github.io/velivance-x/services/enterprise-ai-agents.html → 200 (276ms, 2697B)
[2026-06-11T13:36:11.681Z] GET https://fonts.googleapis.com/css2?family=Sora:wght@600;700;800&family=Inter:wght@400;500;600&family=JetBrains+Mono:wght@500&family=Instrument+Serif:ital@0;1&display=swap → 200 (1ms, -743B)
[2026-06-11T13:36:11.683Z] GET https://vik-lgtm.github.io/velivance-x/assets/css/style.css → 200 (?ms, -695B)
[2026-06-11T13:36:11.684Z] GET https://vik-lgtm.github.io/velivance-x/assets/img/agentic-ai.webp → 200 (?ms, -660B)
[2026-06-11T13:36:11.684Z] GET https://cdnjs.cloudflare.com/ajax/libs/gsap/3.13.0/gsap.min.js → 200 (1ms, -970B)
[2026-06-11T13:36:11.688Z] GET https://cdnjs.cloudflare.com/ajax/libs/gsap/3.13.0/ScrollTrigger.min.js → 200 (?ms, -959B)
[2026-06-11T13:36:11.688Z] GET https://unpkg.com/lenis@1.1.14/dist/lenis.min.js → 200 (1ms, -836B)
[2026-06-11T13:36:11.694Z] GET https://vik-lgtm.github.io/velivance-x/assets/js/app.js → 200 (?ms, -709B)
[2026-06-11T13:36:11.717Z] GET https://vik-lgtm.github.io/velivance-x/assets/img/insight-data.webp → 200 (?ms, -658B)
[2026-06-11T13:36:11.717Z] GET https://vik-lgtm.github.io/velivance-x/assets/img/team-collab.webp → 200 (?ms, -659B)
[2026-06-11T13:36:11.721Z] GET https://fonts.gstatic.com/s/instrumentserif/v5/jizHRFtNs2ka5fXjeivQ4LroWlx-6zAjjH7Motmp5g.woff2 → 200 (?ms, -815B)
[2026-06-11T13:36:11.721Z] GET https://fonts.gstatic.com/s/inter/v20/UcC73FwrK3iLTeHuS_nVMrMxCp50SjIa1ZL7W0Q5nw.woff2 → 200 (?ms, -815B)
[2026-06-11T13:36:11.725Z] GET https://fonts.gstatic.com/s/jetbrainsmono/v24/tDbY2o-flEEny0FZhsfKu5WU4zr3E_BX0PnT8RD8-qxTOlOVk6OThhvA.woff2 → 200 (?ms, -815B)
[2026-06-11T13:36:11.735Z] GET https://fonts.gstatic.com/s/sora/v17/xMQ9uFFYT72X5wkB_18qmnndmSdSnh2BAfO5mnuyOo1lfiQwV6-xo6eeIw.woff2 → 200 (2ms, -815B)
[2026-06-11T13:36:11.784Z] GET https://vik-lgtm.github.io/velivance-x/assets/img/insight-pilot.webp → pending (?ms, ?B)
